31-Oct-2025 19:30:02.087 INFORMACIÓN [main] org.apache.catalina.startup.VersionLoggerListener.log Nombre de la versión del servidor: Apache Tomcat/9.0.108
31-Oct-2025 19:30:02.138 INFORMACIÓN [main] org.apache.catalina.startup.VersionLoggerListener.log Server built:                      Jul 31 2025 18:19:48 UTC
31-Oct-2025 19:30:02.139 INFORMACIÓN [main] org.apache.catalina.startup.VersionLoggerListener.log Número de versión de servidor:     9.0.108.0
31-Oct-2025 19:30:02.139 INFORMACIÓN [main] org.apache.catalina.startup.VersionLoggerListener.log OS Name:                           Windows 10
31-Oct-2025 19:30:02.140 INFORMACIÓN [main] org.apache.catalina.startup.VersionLoggerListener.log Versión de Systema Operativo:      10.0
31-Oct-2025 19:30:02.142 INFORMACIÓN [main] org.apache.catalina.startup.VersionLoggerListener.log Arquitectura:                      amd64
31-Oct-2025 19:30:02.142 INFORMACIÓN [main] org.apache.catalina.startup.VersionLoggerListener.log Java Home:                         C:\Users\USUARIO\codegym\sdk\jdk17.0.14_7
31-Oct-2025 19:30:02.142 INFORMACIÓN [main] org.apache.catalina.startup.VersionLoggerListener.log JVM Version:                       17.0.14+7-LTS
31-Oct-2025 19:30:02.143 INFORMACIÓN [main] org.apache.catalina.startup.VersionLoggerListener.log Vededor JVM:                       Amazon.com Inc.
31-Oct-2025 19:30:02.143 INFORMACIÓN [main] org.apache.catalina.startup.VersionLoggerListener.log CATALINA_BASE:                     C:\Users\USUARIO\Proyecto_3_Java_2025\Proyecto_3_Java_2025\.smarttomcat
31-Oct-2025 19:30:02.146 INFORMACIÓN [main] org.apache.catalina.startup.VersionLoggerListener.log CATALINA_HOME:                     C:\apache-tomcat-9.0.108
31-Oct-2025 19:30:02.169 INFORMACIÓN [main] org.apache.catalina.startup.VersionLoggerListener.log Command line argument:             --add-opens=java.base/java.lang=ALL-UNNAMED
31-Oct-2025 19:30:02.169 INFORMACIÓN [main] org.apache.catalina.startup.VersionLoggerListener.log Command line argument:             --add-opens=java.base/java.io=ALL-UNNAMED
31-Oct-2025 19:30:02.170 INFORMACIÓN [main] org.apache.catalina.startup.VersionLoggerListener.log Command line argument:             --add-opens=java.base/java.util=ALL-UNNAMED
31-Oct-2025 19:30:02.170 INFORMACIÓN [main] org.apache.catalina.startup.VersionLoggerListener.log Command line argument:             --add-opens=java.base/java.util.concurrent=ALL-UNNAMED
31-Oct-2025 19:30:02.170 INFORMACIÓN [main] org.apache.catalina.startup.VersionLoggerListener.log Command line argument:             --add-opens=java.rmi/sun.rmi.transport=ALL-UNNAMED
31-Oct-2025 19:30:02.170 INFORMACIÓN [main] org.apache.catalina.startup.VersionLoggerListener.log Command line argument:             -Dcatalina.home=C:\apache-tomcat-9.0.108
31-Oct-2025 19:30:02.172 INFORMACIÓN [main] org.apache.catalina.startup.VersionLoggerListener.log Command line argument:             -Dcatalina.base=C:\Users\USUARIO\Proyecto_3_Java_2025\Proyecto_3_Java_2025\.smarttomcat
31-Oct-2025 19:30:02.172 INFORMACIÓN [main] org.apache.catalina.startup.VersionLoggerListener.log Command line argument:             -Djava.io.tmpdir=C:\Users\USUARIO\Proyecto_3_Java_2025\Proyecto_3_Java_2025\.smarttomcat\temp
31-Oct-2025 19:30:02.172 INFORMACIÓN [main] org.apache.catalina.startup.VersionLoggerListener.log Command line argument:             -Djava.util.logging.config.file=C:\Users\USUARIO\Proyecto_3_Java_2025\Proyecto_3_Java_2025\.smarttomcat\conf\logging.properties
31-Oct-2025 19:30:02.172 INFORMACIÓN [main] org.apache.catalina.startup.VersionLoggerListener.log Command line argument:             -Djava.util.logging.manager=org.apache.juli.ClassLoaderLogManager
31-Oct-2025 19:30:02.173 INFORMACIÓN [main] org.apache.catalina.startup.VersionLoggerListener.log Command line argument:             -javaagent:C:\Program Files\JetBrains\IntelliJ IDEA Community Edition 2024.3.1\lib\idea_rt.jar=65371:C:\Program Files\JetBrains\IntelliJ IDEA Community Edition 2024.3.1\bin
31-Oct-2025 19:30:02.173 INFORMACIÓN [main] org.apache.catalina.startup.VersionLoggerListener.log Command line argument:             -Dfile.encoding=UTF-8
31-Oct-2025 19:30:02.188 INFORMACIÓN [main] org.apache.catalina.core.AprLifecycleListener.lifecycleEvent Cargada la biblioteca nativa APR de Apache Tomcat [1.3.1] con la versión APR [1.7.4].
31-Oct-2025 19:30:02.188 INFORMACIÓN [main] org.apache.catalina.core.AprLifecycleListener.lifecycleEvent Capacidades APR: IPv6 [true], enviar fichero [true], aceptar filtros [false], aleatorio [true], UDS [true].
31-Oct-2025 19:30:02.189 INFORMACIÓN [main] org.apache.catalina.core.AprLifecycleListener.lifecycleEvent APR/OpenSSL configuration: useAprConnector [false], useOpenSSL [true]
31-Oct-2025 19:30:02.209 INFORMACIÓN [main] org.apache.catalina.core.AprLifecycleListener.initializeSSL OpenSSL inicializado correctamente [OpenSSL 3.0.14 4 Jun 2024]
31-Oct-2025 19:30:03.334 INFORMACIÓN [main] org.apache.coyote.AbstractProtocol.init Inicializando el manejador de protocolo ["http-nio-8080"]

31-Oct-2025 19:30:03.433 INFORMACIÓN [main] org.apache.catalina.startup.Catalina.load Server initialization in [2026] milliseconds
31-Oct-2025 19:30:03.634 INFORMACIÓN [main] org.apache.catalina.core.StandardService.startInternal Arrancando servicio [Catalina]
31-Oct-2025 19:30:03.635 INFORMACIÓN [main] org.apache.catalina.core.StandardEngine.startInternal Starting Servlet engine: [Apache Tomcat/9.0.108]
31-Oct-2025 19:30:03.663 INFORMACIÓN [main] org.apache.catalina.startup.HostConfig.deployDescriptor Desplieque del descriptor de configuración [C:\Users\USUARIO\Proyecto_3_Java_2025\Proyecto_3_Java_2025\.smarttomcat\conf\Catalina\localhost\main.xml]
31-Oct-2025 19:30:04.681 INFORMACIÓN [main] org.apache.jasper.servlet.TldScanner.scanJars Al menos un JAR, que se ha explorado buscando TLDs, aún no contenía TLDs. Activar historial de depuración para este historiador para una completa lista de los JARs que fueron explorados y de los que nos se halló TLDs. Saltarse JARs no necesarios durante la exploración puede dar lugar a una mejora de tiempo significativa en el arranque y compilación de JSP .
31-Oct-2025 19:30:05.020 ADVERTENCIA [main] org.apache.catalina.util.SessionIdGeneratorBase.createSecureRandom Creation of SecureRandom instance for session ID generation using [SHA1PRNG] took [188] milliseconds.
31-Oct-2025 19:30:05.077 INFORMACIÓN [main] org.apache.catalina.startup.HostConfig.deployDescriptor Deployment of deployment descriptor [C:\Users\USUARIO\Proyecto_3_Java_2025\Proyecto_3_Java_2025\.smarttomcat\conf\Catalina\localhost\main.xml] has finished in [1.414] ms
31-Oct-2025 19:30:05.088 INFORMACIÓN [main] org.apache.coyote.AbstractProtocol.start Starting ProtocolHandler ["http-nio-8080"]
31-Oct-2025 19:30:05.332 INFORMACIÓN [main] org.apache.catalina.startup.Catalina.start Server startup in [1897] milliseconds
31-Oct-2025 19:30:33.336 INFORMACIÓN [Thread-1] org.apache.coyote.AbstractProtocol.pause Pausing ProtocolHandler ["http-nio-8080"]
31-Oct-2025 19:30:33.536 INFORMACIÓN [Thread-1] org.apache.catalina.core.StandardService.stopInternal Parando servicio [Catalina]
31-Oct-2025 19:30:33.691 INFORMACIÓN [Thread-1] org.apache.coyote.AbstractProtocol.stop Stopping ProtocolHandler ["http-nio-8080"]
31-Oct-2025 19:30:33.711 INFORMACIÓN [Thread-1] org.apache.coyote.AbstractProtocol.destroy Destroying ProtocolHandler ["http-nio-8080"]
